org.eclipse.net4j.util.lifecycle.LifecycleException: java.lang.InterruptedException
	at org.eclipse.net4j.util.lifecycle.Lifecycle.activate(Lifecycle.java:100)
	at org.eclipse.net4j.util.lifecycle.LifecycleUtil.activate(LifecycleUtil.java:99)
	at org.eclipse.net4j.util.lifecycle.LifecycleUtil.activate(LifecycleUtil.java:89)
	at org.eclipse.net4j.util.container.ManagedContainer.getElement(ManagedContainer.java:285)
	at org.eclipse.net4j.util.container.ManagedContainer.getElement(ManagedContainer.java:265)
	at org.eclipse.net4j.http.internal.server.RandomizerInjector.getRandomizer(RandomizerInjector.java:45)
	at org.eclipse.net4j.http.internal.server.RandomizerInjector.process(RandomizerInjector.java:36)
	at org.eclipse.net4j.util.container.ManagedContainer.postProcessElement(ManagedContainer.java:500)
	at org.eclipse.net4j.util.container.ManagedContainer.getElement(ManagedContainer.java:282)
	at org.eclipse.net4j.util.container.ManagedContainer.getElement(ManagedContainer.java:265)
	at org.eclipse.net4j.http.internal.server.Net4jTransportServlet$ContainerAware.init(Net4jTransportServlet.java:253)
	at javax.servlet.GenericServlet.init(GenericServlet.java:241)
	at org.eclipse.equinox.http.registry.internal.ServletManager$ServletWrapper.initializeDelegate(ServletManager.java:195)
	at org.eclipse.equinox.http.registry.internal.ServletManager$ServletWrapper.init(ServletManager.java:171)
	at org.eclipse.equinox.http.servlet.internal.ServletRegistration.init(ServletRegistration.java:49)
	at org.eclipse.equinox.http.servlet.internal.ProxyServlet.registerServlet(ProxyServlet.java:177)
	at org.eclipse.equinox.http.servlet.internal.HttpServiceImpl.registerServlet(HttpServiceImpl.java:66)
	at org.eclipse.equinox.http.registry.internal.HttpRegistryManager.registerServlet(HttpRegistryManager.java:266)
	at org.eclipse.equinox.http.registry.internal.HttpRegistryManager.addServletContribution(HttpRegistryManager.java:140)
	at org.eclipse.equinox.http.registry.internal.ServletManager.added(ServletManager.java:136)
	at org.eclipse.equinox.http.registry.internal.ExtensionPointTracker.open(ExtensionPointTracker.java:75)
	at org.eclipse.equinox.http.registry.internal.ServletManager.start(ServletManager.java:62)
	at org.eclipse.equinox.http.registry.internal.HttpRegistryManager.start(HttpRegistryManager.java:106)
	at org.eclipse.equinox.http.registry.internal.HttpServiceTracker.addingService(HttpServiceTracker.java:58)
	at org.osgi.util.tracker.ServiceTracker$Tracked.customizerAdding(ServiceTracker.java:980)
	at org.osgi.util.tracker.ServiceTracker$Tracked.customizerAdding(ServiceTracker.java:1)
	at org.osgi.util.tracker.AbstractTracked.trackAdding(AbstractTracked.java:262)
	at org.osgi.util.tracker.AbstractTracked.trackInitial(AbstractTracked.java:185)
	at org.osgi.util.tracker.ServiceTracker.open(ServiceTracker.java:348)
	at org.osgi.util.tracker.ServiceTracker.open(ServiceTracker.java:283)
	at org.eclipse.equinox.http.registry.internal.HttpServiceTracker.open(HttpServiceTracker.java:42)
	at org.eclipse.equinox.http.registry.internal.Activator.addingService(Activator.java:59)
	at org.osgi.util.tracker.ServiceTracker$Tracked.customizerAdding(ServiceTracker.java:980)
	at org.osgi.util.tracker.ServiceTracker$Tracked.customizerAdding(ServiceTracker.java:1)
	at org.osgi.util.tracker.AbstractTracked.trackAdding(AbstractTracked.java:262)
	at org.osgi.util.tracker.AbstractTracked.trackInitial(AbstractTracked.java:185)
	at org.osgi.util.tracker.ServiceTracker.open(ServiceTracker.java:348)
	at org.osgi.util.tracker.ServiceTracker.open(ServiceTracker.java:283)
	at org.eclipse.equinox.http.registry.internal.Activator.start(Activator.java:37)
	at org.eclipse.osgi.framework.internal.core.BundleContextImpl$1.run(BundleContextImpl.java:711)
	at java.security.AccessController.doPrivileged(Native Method)
	at org.eclipse.osgi.framework.internal.core.BundleContextImpl.startActivator(BundleContextImpl.java:702)
	at org.eclipse.osgi.framework.internal.core.BundleContextImpl.start(BundleContextImpl.java:683)
	at org.eclipse.osgi.framework.internal.core.BundleHost.startWorker(BundleHost.java:381)
	at org.eclipse.osgi.framework.internal.core.AbstractBundle.start(AbstractBundle.java:299)
	at org.eclipse.help.internal.server.JettyHelpServer.checkBundle(JettyHelpServer.java:119)
	at org.eclipse.help.internal.server.JettyHelpServer.start(JettyHelpServer.java:109)
	at org.eclipse.help.internal.server.WebappManager.start(WebappManager.java:38)
	at org.eclipse.help.internal.base.BaseHelpSystem.ensureWebappRunning(BaseHelpSystem.java:182)
	at org.eclipse.help.internal.base.BaseHelpSystem.resolve(BaseHelpSystem.java:198)
	at org.eclipse.help.ui.internal.DefaultHelpUI.resolve(DefaultHelpUI.java:363)
	at org.eclipse.ui.internal.help.WorkbenchHelpSystem.resolve(WorkbenchHelpSystem.java:891)
	at org.eclipse.jdt.internal.corext.javadoc.JavaDocLocations.getBaseURL(JavaDocLocations.java:607)
	at org.eclipse.jdt.internal.ui.text.java.hover.JavadocHover.getHoverInfo(JavadocHover.java:642)
	at org.eclipse.jdt.internal.ui.text.java.hover.JavadocHover.internalGetHoverInfo(JavadocHover.java:567)
	at org.eclipse.jdt.internal.ui.text.java.hover.JavadocHover.getHoverInfo2(JavadocHover.java:559)
	at org.eclipse.jdt.internal.ui.text.java.hover.BestMatchHover.getHoverInfo2(BestMatchHover.java:142)
	at org.eclipse.jdt.internal.ui.text.java.hover.JavaEditorTextHoverProxy.getHoverInfo2(JavaEditorTextHoverProxy.java:85)
	at org.eclipse.jface.text.TextViewerHoverManager$4.run(TextViewerHoverManager.java:166)
Caused by: java.lang.InterruptedException
	at java.util.concurrent.locks.AbstractQueuedSynchronizer.acquireSharedInterruptibly(AbstractQueuedSynchronizer.java:1302)
	at java.util.concurrent.Semaphore.acquire(Semaphore.java:313)
	at org.eclipse.net4j.util.lifecycle.Lifecycle.lock(Lifecycle.java:289)
	at org.eclipse.net4j.util.lifecycle.Lifecycle.activate(Lifecycle.java:61)
	... 58 more
